<?xml version="1.0" encoding="UTF-8"?>
<!-- Generated by org.testng.reporters.JUnitReportReporter -->
<testsuite hostname="DESKTOP-62EHF2O" failures="0" tests="1" name="com.selenium.practice.HandlingWebElement1" time="5.832" errors="0" timestamp="2025-06-13T16:52:18 IST" skipped="0">
  <testcase classname="com.selenium.practice.HandlingWebElement1" name="iframeExample" time="5.832"/>
  <system-out/>
</testsuite> <!-- com.selenium.practice.HandlingWebElement1 -->
