<?xml version="1.0" encoding="UTF-8"?>
<!-- Generated by org.testng.reporters.JUnitReportReporter -->
<testsuite hostname="DESKTOP-B21TR81" failures="0" tests="1" name="com.selenium.practice.HandlingWebElement1" time="9.357" errors="0" timestamp="2025-06-15T13:05:10 IST" skipped="0">
  <testcase classname="com.selenium.practice.HandlingWebElement1" name="datePicker" time="9.357"/>
  <system-out/>
</testsuite> <!-- com.selenium.practice.HandlingWebElement1 -->
