<?xml version="1.0" encoding="UTF-8"?>
<!-- Generated by org.testng.reporters.JUnitReportReporter -->
<testsuite hostname="DESKTOP-62EHF2O" failures="0" tests="1" name="com.selenium.practice.WebdriverMethods" time="40.343" errors="0" timestamp="2025-06-17T23:05:58 IST" skipped="0">
  <testcase classname="com.selenium.practice.WebdriverMethods" name="methodsWebdriver" time="40.343"/>
  <system-out/>
</testsuite> <!-- com.selenium.practice.WebdriverMethods -->
