<?xml version="1.0" encoding="UTF-8"?>
<!-- Generated by org.testng.reporters.JUnitReportReporter -->
<testsuite hostname="DESKTOP-62EHF2O" failures="0" tests="2" name="com.selenium.practice.HandlingWebElement1" time="18.463" errors="0" timestamp="2025-06-17T23:05:58 IST" skipped="0">
  <testcase classname="com.selenium.practice.HandlingWebElement1" name="testAuthenticationPopUp" time="6.301"/>
  <system-out/>
  <testcase classname="com.selenium.practice.HandlingWebElement1" name="dragAndDrop" time="12.162"/>
  <system-out/>
</testsuite> <!-- com.selenium.practice.HandlingWebElement1 -->
