<?xml version="1.0" encoding="UTF-8"?>
<!-- Generated by org.testng.reporters.JUnitReportReporter -->
<testsuite hostname="DESKTOP-B21TR81" failures="0" tests="1" name="com.selenium.practice.HandlingWebElement1" time="4.169" errors="0" timestamp="2025-06-14T17:15:23 IST" skipped="0">
  <testcase classname="com.selenium.practice.HandlingWebElement1" name="dynamicButton" time="4.169"/>
  <system-out/>
</testsuite> <!-- com.selenium.practice.HandlingWebElement1 -->
